<?xml version="1.0" encoding="UTF-8"?>
<!-- Generated by org.testng.reporters.JUnitReportReporter -->
<testsuite skipped="0" hostname="Anands-MacBook-Air.local" name="TestNg.FirstTestng" tests="2" failures="0" timestamp="22 Nov 2018 15:42:35 GMT" time="0.013" errors="0">
  <testcase name="FlipkartMenMobile" time="0.009" classname="TestNg.FirstTestng"/>
  <testcase name="FlipkartMenShaving" time="0.004" classname="TestNg.FirstTestng"/>
</testsuite> <!-- TestNg.FirstTestng -->
