<?xml version="1.0" encoding="UTF-8"?>
<!-- Generated by org.testng.reporters.JUnitReportReporter -->
<testsuite skipped="0" hostname="Anands-MacBook-Air.local" name="basicConcepts.PageValidate" tests="1" failures="0" timestamp="08 Nov 2018 14:03:52 GMT" time="21.691" errors="0">
  <testcase name="Login" time="21.691" classname="basicConcepts.PageValidate"/>
</testsuite> <!-- basicConcepts.PageValidate -->
